2024-09-03T10:43:19.123+0200 [DEBUG] [org.gradle.launcher.daemon.bootstrap.DaemonMain] Assuming the daemon was started with following jvm opts: [--add-opens=java.base/java.util=ALL-UNNAMED, --add-opens=java.base/java.lang=ALL-UNNAMED, --add-opens=java.base/java.lang.invoke=ALL-UNNAMED, --add-opens=java.prefs/java.util.prefs=ALL-UNNAMED, --add-opens=java.base/java.nio.charset=ALL-UNNAMED, --add-opens=java.base/java.net=ALL-UNNAMED, --add-opens=java.base/java.util.concurrent.atomic=ALL-UNNAMED, -Xmx2048m, -Dfile.encoding=UTF-8, -Duser.country=PL, -Duser.language=pl, -Duser.variant]
2024-09-03T10:43:19.328+0200 [INFO] [org.gradle.launcher.daemon.server.Daemon] start() called on daemon - DefaultDaemonContext[uid=463a9f74-8f18-44dd-89b0-dfceb52b4f39,javaHome=/Users/voloshyn/Library/Java/JavaVirtualMachines/jbr-17.0.8.1/Contents/Home,daemonRegistryDir=/Users/voloshyn/AndroidStudioProjects/ReDrive/daemon,pid=30213,idleTimeout=10800000,priority=NORMAL,applyInstrumentationAgent=true,daemonOpts=--add-opens=java.base/java.util=ALL-UNNAMED,--add-opens=java.base/java.lang=ALL-UNNAMED,--add-opens=java.base/java.lang.invoke=ALL-UNNAMED,--add-opens=java.prefs/java.util.prefs=ALL-UNNAMED,--add-opens=java.base/java.nio.charset=ALL-UNNAMED,--add-opens=java.base/java.net=ALL-UNNAMED,--add-opens=java.base/java.util.concurrent.atomic=ALL-UNNAMED,-Xmx2048m,-Dfile.encoding=UTF-8,-Duser.country=PL,-Duser.language=pl,-Duser.variant]
2024-09-03T10:43:19.406+0200 [DEBUG] [org.gradle.internal.remote.internal.inet.InetAddresses] Adding IP addresses for network interface utun7
2024-09-03T10:43:19.407+0200 [DEBUG] [org.gradle.internal.remote.internal.inet.InetAddresses] Is this a loopback interface? false
2024-09-03T10:43:19.407+0200 [DEBUG] [org.gradle.internal.remote.internal.inet.InetAddresses] Adding remote address /fe80:0:0:0:1f78:b1fe:a86e:2212%utun7
2024-09-03T10:43:19.407+0200 [DEBUG] [org.gradle.internal.remote.internal.inet.InetAddresses] Adding IP addresses for network interface utun6
2024-09-03T10:43:19.408+0200 [DEBUG] [org.gradle.internal.remote.internal.inet.InetAddresses] Is this a loopback interface? false
2024-09-03T10:43:19.409+0200 [DEBUG] [org.gradle.internal.remote.internal.inet.InetAddresses] Adding remote address /fe80:0:0:0:50bc:e9ea:fe36:6da%utun6
2024-09-03T10:43:19.409+0200 [DEBUG] [org.gradle.internal.remote.internal.inet.InetAddresses] Adding IP addresses for network interface utun5
2024-09-03T10:43:19.410+0200 [DEBUG] [org.gradle.internal.remote.internal.inet.InetAddresses] Is this a loopback interface? false
2024-09-03T10:43:19.410+0200 [DEBUG] [org.gradle.internal.remote.internal.inet.InetAddresses] Adding remote address /fe80:0:0:0:406:36fd:3efd:89fe%utun5
2024-09-03T10:43:19.411+0200 [DEBUG] [org.gradle.internal.remote.internal.inet.InetAddresses] Adding IP addresses for network interface utun4
2024-09-03T10:43:19.411+0200 [DEBUG] [org.gradle.internal.remote.internal.inet.InetAddresses] Is this a loopback interface? false
2024-09-03T10:43:19.412+0200 [DEBUG] [org.gradle.internal.remote.internal.inet.InetAddresses] Adding remote address /fe80:0:0:0:79b3:a4f1:2d03:de8f%utun4
2024-09-03T10:43:19.412+0200 [DEBUG] [org.gradle.internal.remote.internal.inet.InetAddresses] Adding IP addresses for network interface utun3
2024-09-03T10:43:19.413+0200 [DEBUG] [org.gradle.internal.remote.internal.inet.InetAddresses] Is this a loopback interface? false
2024-09-03T10:43:19.413+0200 [DEBUG] [org.gradle.internal.remote.internal.inet.InetAddresses] Adding remote address /fe80:0:0:0:ce81:b1c:bd2c:69e%utun3
2024-09-03T10:43:19.413+0200 [DEBUG] [org.gradle.internal.remote.internal.inet.InetAddresses] Adding IP addresses for network interface utun2
2024-09-03T10:43:19.414+0200 [DEBUG] [org.gradle.internal.remote.internal.inet.InetAddresses] Is this a loopback interface? false
2024-09-03T10:43:19.414+0200 [DEBUG] [org.gradle.internal.remote.internal.inet.InetAddresses] Adding remote address /fe80:0:0:0:e886:ad7e:f75e:aaa1%utun2
2024-09-03T10:43:19.414+0200 [DEBUG] [org.gradle.internal.remote.internal.inet.InetAddresses] Adding IP addresses for network interface utun1
2024-09-03T10:43:19.415+0200 [DEBUG] [org.gradle.internal.remote.internal.inet.InetAddresses] Is this a loopback interface? false
2024-09-03T10:43:19.415+0200 [DEBUG] [org.gradle.internal.remote.internal.inet.InetAddresses] Adding remote address /fe80:0:0:0:ddc0:acce:af2b:8c23%utun1
2024-09-03T10:43:19.415+0200 [DEBUG] [org.gradle.internal.remote.internal.inet.InetAddresses] Adding IP addresses for network interface utun0
2024-09-03T10:43:19.415+0200 [DEBUG] [org.gradle.internal.remote.internal.inet.InetAddresses] Is this a loopback interface? false
2024-09-03T10:43:19.416+0200 [DEBUG] [org.gradle.internal.remote.internal.inet.InetAddresses] Adding remote address /fe80:0:0:0:905a:4919:57e1:c110%utun0
2024-09-03T10:43:19.416+0200 [DEBUG] [org.gradle.internal.remote.internal.inet.InetAddresses] Adding IP addresses for network interface llw0
2024-09-03T10:43:19.416+0200 [DEBUG] [org.gradle.internal.remote.internal.inet.InetAddresses] Is this a loopback interface? false
2024-09-03T10:43:19.416+0200 [DEBUG] [org.gradle.internal.remote.internal.inet.InetAddresses] Adding remote address /fe80:0:0:0:d412:99ff:fe36:a1bc%llw0
2024-09-03T10:43:19.417+0200 [DEBUG] [org.gradle.internal.remote.internal.inet.InetAddresses] Adding IP addresses for network interface awdl0
2024-09-03T10:43:19.417+0200 [DEBUG] [org.gradle.internal.remote.internal.inet.InetAddresses] Is this a loopback interface? false
2024-09-03T10:43:19.417+0200 [DEBUG] [org.gradle.internal.remote.internal.inet.InetAddresses] Adding remote address /fe80:0:0:0:d412:99ff:fe36:a1bc%awdl0
2024-09-03T10:43:19.417+0200 [DEBUG] [org.gradle.internal.remote.internal.inet.InetAddresses] Adding IP addresses for network interface en6
2024-09-03T10:43:19.418+0200 [DEBUG] [org.gradle.internal.remote.internal.inet.InetAddresses] Is this a loopback interface? false
2024-09-03T10:43:19.418+0200 [DEBUG] [org.gradle.internal.remote.internal.inet.InetAddresses] Adding remote address /fe80:0:0:0:aede:48ff:fe00:1122%en6
2024-09-03T10:43:19.418+0200 [DEBUG] [org.gradle.internal.remote.internal.inet.InetAddresses] Adding IP addresses for network interface en0
2024-09-03T10:43:19.418+0200 [DEBUG] [org.gradle.internal.remote.internal.inet.InetAddresses] Is this a loopback interface? false
2024-09-03T10:43:19.418+0200 [DEBUG] [org.gradle.internal.remote.internal.inet.InetAddresses] Adding remote address /fe80:0:0:0:4a7:31d1:14bd:8544%en0
2024-09-03T10:43:19.419+0200 [DEBUG] [org.gradle.internal.remote.internal.inet.InetAddresses] Adding remote address /192.168.1.3
2024-09-03T10:43:19.419+0200 [DEBUG] [org.gradle.internal.remote.internal.inet.InetAddresses] Adding IP addresses for network interface lo0
2024-09-03T10:43:19.419+0200 [DEBUG] [org.gradle.internal.remote.internal.inet.InetAddresses] Is this a loopback interface? true
2024-09-03T10:43:19.419+0200 [DEBUG] [org.gradle.internal.remote.internal.inet.InetAddresses] Ignoring remote address on loopback interface /fe80:0:0:0:0:0:0:1%lo0
2024-09-03T10:43:19.420+0200 [DEBUG] [org.gradle.internal.remote.internal.inet.InetAddresses] Adding loopback address /0:0:0:0:0:0:0:1%lo0
2024-09-03T10:43:19.420+0200 [DEBUG] [org.gradle.internal.remote.internal.inet.InetAddresses] Adding loopback address /127.0.0.1
2024-09-03T10:43:19.425+0200 [DEBUG] [org.gradle.internal.remote.internal.inet.TcpIncomingConnector] Listening on [674fe748-be30-4b03-8045-5e7bf2ff2848 port:51672, addresses:[localhost/127.0.0.1]].
2024-09-03T10:43:19.462+0200 [DEBUG] [org.gradle.launcher.daemon.server.Daemon] Daemon starting at: Tue Sep 03 10:43:19 CEST 2024, with address: [674fe748-be30-4b03-8045-5e7bf2ff2848 port:51672, addresses:[localhost/127.0.0.1]]
2024-09-03T10:43:19.463+0200 [INFO] [org.gradle.launcher.daemon.server.DaemonRegistryUpdater] Advertising the daemon address to the clients: [674fe748-be30-4b03-8045-5e7bf2ff2848 port:51672, addresses:[localhost/127.0.0.1]]
2024-09-03T10:43:19.464+0200 [DEBUG] [org.gradle.launcher.daemon.server.DaemonRegistryUpdater] Advertised daemon context: DefaultDaemonContext[uid=463a9f74-8f18-44dd-89b0-dfceb52b4f39,javaHome=/Users/voloshyn/Library/Java/JavaVirtualMachines/jbr-17.0.8.1/Contents/Home,daemonRegistryDir=/Users/voloshyn/AndroidStudioProjects/ReDrive/daemon,pid=30213,idleTimeout=10800000,priority=NORMAL,applyInstrumentationAgent=true,daemonOpts=--add-opens=java.base/java.util=ALL-UNNAMED,--add-opens=java.base/java.lang=ALL-UNNAMED,--add-opens=java.base/java.lang.invoke=ALL-UNNAMED,--add-opens=java.prefs/java.util.prefs=ALL-UNNAMED,--add-opens=java.base/java.nio.charset=ALL-UNNAMED,--add-opens=java.base/java.net=ALL-UNNAMED,--add-opens=java.base/java.util.concurrent.atomic=ALL-UNNAMED,-Xmx2048m,-Dfile.encoding=UTF-8,-Duser.country=PL,-Duser.language=pl,-Duser.variant]
2024-09-03T10:43:19.465+0200 [DEBUG] [org.gradle.launcher.daemon.registry.PersistentDaemonRegistry] Storing daemon address: [674fe748-be30-4b03-8045-5e7bf2ff2848 port:51672, addresses:[localhost/127.0.0.1]], context: DefaultDaemonContext[uid=463a9f74-8f18-44dd-89b0-dfceb52b4f39,javaHome=/Users/voloshyn/Library/Java/JavaVirtualMachines/jbr-17.0.8.1/Contents/Home,daemonRegistryDir=/Users/voloshyn/AndroidStudioProjects/ReDrive/daemon,pid=30213,idleTimeout=10800000,priority=NORMAL,applyInstrumentationAgent=true,daemonOpts=--add-opens=java.base/java.util=ALL-UNNAMED,--add-opens=java.base/java.lang=ALL-UNNAMED,--add-opens=java.base/java.lang.invoke=ALL-UNNAMED,--add-opens=java.prefs/java.util.prefs=ALL-UNNAMED,--add-opens=java.base/java.nio.charset=ALL-UNNAMED,--add-opens=java.base/java.net=ALL-UNNAMED,--add-opens=java.base/java.util.concurrent.atomic=ALL-UNNAMED,-Xmx2048m,-Dfile.encoding=UTF-8,-Duser.country=PL,-Duser.language=pl,-Duser.variant]
2024-09-03T10:43:19.485+0200 [DEBUG] [org.gradle.cache.internal.DefaultFileLockManager] Waiting to acquire exclusive lock on daemon addresses registry.
2024-09-03T10:43:19.489+0200 [DEBUG] [org.gradle.cache.internal.DefaultFileLockManager] Lock acquired on daemon addresses registry.
2024-09-03T10:43:19.495+0200 [DEBUG] [org.gradle.cache.internal.DefaultFileLockManager] Releasing lock on daemon addresses registry.
2024-09-03T10:43:19.496+0200 [LIFECYCLE] [org.gradle.launcher.daemon.server.Daemon] Daemon server started.
2024-09-03T10:43:19.498+0200 [DEBUG] [org.gradle.launcher.daemon.bootstrap.DaemonStartupCommunication] Completed writing the daemon greeting. Closing streams...
2024-09-03T10:43:19.504+0200 [DEBUG] [org.gradle.launcher.daemon.server.Daemon] stopOnExpiration() called on daemon
2024-09-03T10:43:19.505+0200 [DEBUG] [org.gradle.launcher.daemon.server.Daemon] awaitExpiration() called on daemon
2024-09-03T10:43:19.506+0200 [DEBUG] [org.gradle.launcher.daemon.server.DaemonStateCoordinator] daemon is running. Sleeping until state changes.
2024-09-03T10:43:19.507+0200 [DEBUG] [org.gradle.internal.remote.internal.inet.TcpIncomingConnector] Accepted connection from /127.0.0.1:51673 to /127.0.0.1:51672.
2024-09-03T10:43:19.551+0200 [DEBUG] [org.gradle.launcher.daemon.server.SynchronizedDispatchConnection] thread 21: received class org.gradle.launcher.daemon.protocol.Build
2024-09-03T10:43:19.551+0200 [DEBUG] [org.gradle.launcher.daemon.server.DefaultDaemonConnection] thread 21: Received non-IO message from client: Build{id=2be2c578-c101-4358-8400-a33c3fcdab79, currentDir=/Users/voloshyn/AndroidStudioProjects/ReDrive}
2024-09-03T10:43:19.552+0200 [INFO] [org.gradle.launcher.daemon.server.DefaultIncomingConnectionHandler] Received command: Build{id=2be2c578-c101-4358-8400-a33c3fcdab79, currentDir=/Users/voloshyn/AndroidStudioProjects/ReDrive}.
2024-09-03T10:43:19.552+0200 [DEBUG] [org.gradle.launcher.daemon.server.DefaultIncomingConnectionHandler] Starting executing command: Build{id=2be2c578-c101-4358-8400-a33c3fcdab79, currentDir=/Users/voloshyn/AndroidStudioProjects/ReDrive} with connection: socket connection from /127.0.0.1:51672 to /127.0.0.1:51673.
2024-09-03T10:43:19.555+0200 [DEBUG] [org.gradle.launcher.daemon.server.DaemonStateCoordinator] Command execution: started DaemonCommandExecution[command = Build{id=2be2c578-c101-4358-8400-a33c3fcdab79, currentDir=/Users/voloshyn/AndroidStudioProjects/ReDrive}, connection = DefaultDaemonConnection: socket connection from /127.0.0.1:51672 to /127.0.0.1:51673] after 0.0 minutes of idle
2024-09-03T10:43:19.556+0200 [INFO] [org.gradle.launcher.daemon.server.DaemonRegistryUpdater] Marking the daemon as busy, address: [674fe748-be30-4b03-8045-5e7bf2ff2848 port:51672, addresses:[localhost/127.0.0.1]]
2024-09-03T10:43:19.557+0200 [DEBUG] [org.gradle.launcher.daemon.registry.PersistentDaemonRegistry] Marking busy by address: [674fe748-be30-4b03-8045-5e7bf2ff2848 port:51672, addresses:[localhost/127.0.0.1]]
2024-09-03T10:43:19.558+0200 [DEBUG] [org.gradle.cache.internal.DefaultFileLockManager] Waiting to acquire exclusive lock on daemon addresses registry.
2024-09-03T10:43:19.558+0200 [DEBUG] [org.gradle.cache.internal.DefaultFileLockManager] Lock acquired on daemon addresses registry.
2024-09-03T10:43:19.559+0200 [DEBUG] [org.gradle.cache.internal.DefaultFileLockManager] Releasing lock on daemon addresses registry.
2024-09-03T10:43:19.560+0200 [DEBUG] [org.gradle.launcher.daemon.server.DaemonStateCoordinator] resetting idle timer
2024-09-03T10:43:19.560+0200 [DEBUG] [org.gradle.launcher.daemon.server.DaemonStateCoordinator] daemon is running. Sleeping until state changes.
2024-09-03T10:43:19.561+0200 [INFO] [org.gradle.launcher.daemon.server.exec.StartBuildOrRespondWithBusy] Daemon is about to start building Build{id=2be2c578-c101-4358-8400-a33c3fcdab79, currentDir=/Users/voloshyn/AndroidStudioProjects/ReDrive}. Dispatching build started information...
2024-09-03T10:43:19.561+0200 [DEBUG] [org.gradle.launcher.daemon.server.SynchronizedDispatchConnection] thread 23: dispatching org.gradle.launcher.daemon.protocol.BuildStarted@74482e8d
2024-09-03T10:43:19.571+0200 [DEBUG] [org.gradle.launcher.daemon.server.exec.EstablishBuildEnvironment] Configuring env variables: [PATH, MANPATH, HOMEBREW_PREFIX, COMMAND_MODE, LOGNAME, HOMEBREW_REPOSITORY, XPC_SERVICE_NAME, INFOPATH, __CFBundleIdentifier, SHELL, PAGER, LSCOLORS, HOMEBREW_CELLAR, OLDPWD, USER, ZSH, TMPDIR, SSH_AUTH_SOCK, XPC_FLAGS, __CF_USER_TEXT_ENCODING, LESS, LC_CTYPE, LS_COLORS, HOME]
2024-09-03T10:43:19.574+0200 [DEBUG] [org.gradle.launcher.daemon.server.SynchronizedDispatchConnection] thread 21: received class org.gradle.launcher.daemon.protocol.CloseInput
2024-09-03T10:43:19.574+0200 [DEBUG] [org.gradle.launcher.daemon.server.DefaultDaemonConnection] thread 21: Received IO message from client: org.gradle.launcher.daemon.protocol.CloseInput@59148521
2024-09-03T10:43:19.579+0200 [DEBUG] [org.gradle.launcher.daemon.server.exec.LogToClient] About to start relaying all logs to the client via the connection.
2024-09-03T10:43:19.579+0200 [INFO] [org.gradle.launcher.daemon.server.exec.LogToClient] The client will now receive all logging from the daemon (pid: 30213). The daemon log file: /Users/voloshyn/AndroidStudioProjects/ReDrive/daemon/8.7/daemon-30213.out.log
2024-09-03T10:43:19.582+0200 [INFO] [org.gradle.launcher.daemon.server.exec.LogAndCheckHealth] Starting build in new daemon [memory: 2 GiB]
2024-09-03T10:43:19.584+0200 [INFO] [org.gradle.launcher.daemon.server.exec.ForwardClientInput] Closing daemon's stdin at end of input.
2024-09-03T10:43:19.585+0200 [INFO] [org.gradle.launcher.daemon.server.exec.ForwardClientInput] The daemon will no longer process any standard input.
2024-09-03T10:43:19.587+0200 [DEBUG] [org.gradle.launcher.daemon.server.exec.ExecuteBuild] The daemon has started executing the build.
2024-09-03T10:43:19.588+0200 [DEBUG] [org.gradle.launcher.daemon.server.exec.ExecuteBuild] Executing build with daemon context: DefaultDaemonContext[uid=463a9f74-8f18-44dd-89b0-dfceb52b4f39,javaHome=/Users/voloshyn/Library/Java/JavaVirtualMachines/jbr-17.0.8.1/Contents/Home,daemonRegistryDir=/Users/voloshyn/AndroidStudioProjects/ReDrive/daemon,pid=30213,idleTimeout=10800000,priority=NORMAL,applyInstrumentationAgent=true,daemonOpts=--add-opens=java.base/java.util=ALL-UNNAMED,--add-opens=java.base/java.lang=ALL-UNNAMED,--add-opens=java.base/java.lang.invoke=ALL-UNNAMED,--add-opens=java.prefs/java.util.prefs=ALL-UNNAMED,--add-opens=java.base/java.nio.charset=ALL-UNNAMED,--add-opens=java.base/java.net=ALL-UNNAMED,--add-opens=java.base/java.util.concurrent.atomic=ALL-UNNAMED,-Xmx2048m,-Dfile.encoding=UTF-8,-Duser.country=PL,-Duser.language=pl,-Duser.variant]
The google-services Gradle plugin needs to be applied on a project with com.android.application or com.android.dynamic-feature.

BUILD SUCCESSFUL in 43s
68 actionable tasks: 15 executed, 53 up-to-date
2024-09-03T10:44:02.198+0200 [DEBUG] [org.gradle.launcher.daemon.server.exec.ExecuteBuild] The daemon has finished executing the build.
2024-09-03T10:44:02.204+0200 [DEBUG] [org.gradle.launcher.daemon.server.DaemonStateCoordinator] daemon is running. Sleeping until state changes.
2024-09-03T10:44:02.204+0200 [DEBUG] [org.gradle.launcher.daemon.server.DaemonStateCoordinator] Command execution: finished waiting for DaemonCommandExecution[command = Build{id=2be2c578-c101-4358-8400-a33c3fcdab79, currentDir=/Users/voloshyn/AndroidStudioProjects/ReDrive}, connection = DefaultDaemonConnection: socket connection from /127.0.0.1:51672 to /127.0.0.1:51673]. Result org.gradle.launcher.daemon.server.DaemonStateCoordinator@1599ec9f with state Busy
2024-09-03T10:44:02.205+0200 [DEBUG] [org.gradle.launcher.daemon.server.DaemonStateCoordinator] Command execution: completed DaemonCommandExecution[command = Build{id=2be2c578-c101-4358-8400-a33c3fcdab79, currentDir=/Users/voloshyn/AndroidStudioProjects/ReDrive}, connection = DefaultDaemonConnection: socket connection from /127.0.0.1:51672 to /127.0.0.1:51673]
2024-09-03T10:44:02.205+0200 [DEBUG] [org.gradle.launcher.daemon.server.DaemonStateCoordinator] resetting idle timer
2024-09-03T10:44:02.205+0200 [INFO] [org.gradle.launcher.daemon.server.DaemonRegistryUpdater] Marking the daemon as idle, address: [674fe748-be30-4b03-8045-5e7bf2ff2848 port:51672, addresses:[localhost/127.0.0.1]]
2024-09-03T10:44:02.205+0200 [DEBUG] [org.gradle.launcher.daemon.registry.PersistentDaemonRegistry] Marking busy by address: [674fe748-be30-4b03-8045-5e7bf2ff2848 port:51672, addresses:[localhost/127.0.0.1]]
2024-09-03T10:44:02.206+0200 [DEBUG] [org.gradle.cache.internal.DefaultFileLockManager] Waiting to acquire exclusive lock on daemon addresses registry.
2024-09-03T10:44:02.206+0200 [DEBUG] [org.gradle.cache.internal.DefaultFileLockManager] Lock acquired on daemon addresses registry.
2024-09-03T10:44:02.207+0200 [DEBUG] [org.gradle.cache.internal.DefaultFileLockManager] Releasing lock on daemon addresses registry.
2024-09-03T10:44:02.207+0200 [DEBUG] [org.gradle.launcher.daemon.server.DaemonStateCoordinator] daemon is running. Sleeping until state changes.
2024-09-03T10:44:02.207+0200 [DEBUG] [org.gradle.launcher.daemon.server.exec.ReturnResult] Daemon is dispatching the build result: Success[value=org.gradle.launcher.exec.BuildActionResult@782d9b40]
2024-09-03T10:44:02.207+0200 [DEBUG] [org.gradle.launcher.daemon.server.SynchronizedDispatchConnection] thread 20: dispatching Success[value=org.gradle.launcher.exec.BuildActionResult@782d9b40]
2024-09-03T10:44:02.208+0200 [DEBUG] [org.gradle.launcher.daemon.server.exec.CleanUpVirtualFileSystemAfterBuild] Cleaning virtual file system after build finished
2024-09-03T10:44:02.209+0200 [DEBUG] [org.gradle.launcher.daemon.server.DefaultIncomingConnectionHandler] Finishing executing command: Build{id=2be2c578-c101-4358-8400-a33c3fcdab79, currentDir=/Users/voloshyn/AndroidStudioProjects/ReDrive}
2024-09-03T10:44:02.209+0200 [DEBUG] [org.gradle.launcher.daemon.server.SynchronizedDispatchConnection] thread 21: received class org.gradle.launcher.daemon.protocol.Finished
2024-09-03T10:44:02.209+0200 [DEBUG] [org.gradle.launcher.daemon.server.DefaultDaemonConnection] thread 21: Received non-IO message from client: org.gradle.launcher.daemon.protocol.Finished@62429fa8
2024-09-03T10:44:02.209+0200 [DEBUG] [org.gradle.launcher.daemon.server.DefaultIncomingConnectionHandler] Received finished message: org.gradle.launcher.daemon.protocol.Finished@62429fa8
2024-09-03T10:44:02.209+0200 [DEBUG] [org.gradle.launcher.daemon.server.SynchronizedDispatchConnection] thread 20: stopping connection
2024-09-03T10:44:02.210+0200 [DEBUG] [org.gradle.internal.remote.internal.inet.SocketConnection] Discarding EOFException: java.io.EOFException
2024-09-03T10:44:02.210+0200 [DEBUG] [org.gradle.launcher.daemon.server.SynchronizedDispatchConnection] thread 21: received null
2024-09-03T10:44:02.210+0200 [DEBUG] [org.gradle.launcher.daemon.server.DefaultDaemonConnection] thread 21: Received end-of-input from client.
2024-09-03T10:44:02.211+0200 [DEBUG] [org.gradle.launcher.daemon.server.SynchronizedDispatchConnection] thread 20: stopping connection
2024-09-03T10:44:09.509+0200 [DEBUG] [org.gradle.cache.internal.DefaultFileLockManager] Waiting to acquire shared lock on daemon addresses registry.
2024-09-03T10:44:09.510+0200 [DEBUG] [org.gradle.cache.internal.DefaultFileLockManager] Lock acquired on daemon addresses registry.
2024-09-03T10:44:09.510+0200 [DEBUG] [org.gradle.cache.internal.DefaultFileLockManager] Releasing lock on daemon addresses registry.
2024-09-03T10:44:09.511+0200 [DEBUG] [org.gradle.cache.internal.DefaultFileLockManager] Waiting to acquire shared lock on daemon addresses registry.
2024-09-03T10:44:09.511+0200 [DEBUG] [org.gradle.cache.internal.DefaultFileLockManager] Lock acquired on daemon addresses registry.
2024-09-03T10:44:09.511+0200 [DEBUG] [org.gradle.cache.internal.DefaultFileLockManager] Releasing lock on daemon addresses registry.
2024-09-03T10:44:13.360+0200 [DEBUG] [sun.rmi.transport.tcp] RMI Scheduler(0): close connection, socket: Socket[addr=localhost/127.0.0.1,port=17786,localport=51911]
2024-09-03T10:44:13.373+0200 [DEBUG] [sun.rmi.transport.tcp] RMI Scheduler(0): close connection, socket: Socket[addr=localhost/127.0.0.1,port=17786,localport=51987]
2024-09-03T10:44:13.467+0200 [DEBUG] [sun.rmi.transport.tcp] RMI TCP Connection(3)-127.0.0.1: (port 51913) connection closed
2024-09-03T10:44:13.467+0200 [DEBUG] [sun.rmi.transport.tcp] RMI TCP Connection(3)-127.0.0.1: close connection, socket: Socket[addr=/127.0.0.1,port=51979,localport=51913]
2024-09-03T10:44:13.468+0200 [DEBUG] [sun.rmi.transport.tcp] RMI TCP Connection(3)-127.0.0.1: socket close: Socket[addr=/127.0.0.1,port=51979,localport=51913]
2024-09-03T10:44:18.725+0200 [DEBUG] [sun.rmi.transport.tcp] RMI Scheduler(0): close connection, socket: Socket[addr=localhost/127.0.0.1,port=17786,localport=51988]
2024-09-03T10:44:18.775+0200 [DEBUG] [sun.rmi.transport.tcp] RMI TCP Connection(2)-127.0.0.1: (port 51913) connection closed
2024-09-03T10:44:18.775+0200 [DEBUG] [sun.rmi.transport.tcp] RMI TCP Connection(2)-127.0.0.1: close connection, socket: Socket[addr=/127.0.0.1,port=51963,localport=51913]
2024-09-03T10:44:18.775+0200 [DEBUG] [sun.rmi.transport.tcp] RMI TCP Connection(2)-127.0.0.1: socket close: Socket[addr=/127.0.0.1,port=51963,localport=51913]
2024-09-03T10:44:19.510+0200 [DEBUG] [org.gradle.cache.internal.DefaultFileLockManager] Waiting to acquire shared lock on daemon addresses registry.
2024-09-03T10:44:19.511+0200 [DEBUG] [org.gradle.cache.internal.DefaultFileLockManager] Lock acquired on daemon addresses registry.
2024-09-03T10:44:19.511+0200 [DEBUG] [org.gradle.cache.internal.DefaultFileLockManager] Releasing lock on daemon addresses registry.
2024-09-03T10:44:19.511+0200 [DEBUG] [org.gradle.cache.internal.DefaultFileLockManager] Waiting to acquire shared lock on daemon addresses registry.
2024-09-03T10:44:19.512+0200 [DEBUG] [org.gradle.cache.internal.DefaultFileLockManager] Lock acquired on daemon addresses registry.
2024-09-03T10:44:19.512+0200 [DEBUG] [org.gradle.cache.internal.DefaultFileLockManager] Releasing lock on daemon addresses registry.
2024-09-03T10:44:19.512+0200 [DEBUG] [org.gradle.cache.internal.DefaultFileLockManager] Waiting to acquire shared lock on daemon addresses registry.
2024-09-03T10:44:19.513+0200 [DEBUG] [org.gradle.cache.internal.DefaultFileLockManager] Lock acquired on daemon addresses registry.
2024-09-03T10:44:19.513+0200 [DEBUG] [org.gradle.cache.internal.DefaultFileLockManager] Releasing lock on daemon addresses registry.
2024-09-03T10:44:29.508+0200 [DEBUG] [org.gradle.cache.internal.DefaultFileLockManager] Waiting to acquire shared lock on daemon addresses registry.
2024-09-03T10:44:29.509+0200 [DEBUG] [org.gradle.cache.internal.DefaultFileLockManager] Lock acquired on daemon addresses registry.
2024-09-03T10:44:29.509+0200 [DEBUG] [org.gradle.cache.internal.DefaultFileLockManager] Releasing lock on daemon addresses registry.
2024-09-03T10:44:29.510+0200 [DEBUG] [org.gradle.cache.internal.DefaultFileLockManager] Waiting to acquire shared lock on daemon addresses registry.
2024-09-03T10:44:29.510+0200 [DEBUG] [org.gradle.cache.internal.DefaultFileLockManager] Lock acquired on daemon addresses registry.
2024-09-03T10:44:29.510+0200 [DEBUG] [org.gradle.cache.internal.DefaultFileLockManager] Releasing lock on daemon addresses registry.
2024-09-03T10:44:29.511+0200 [DEBUG] [org.gradle.cache.internal.DefaultFileLockManager] Waiting to acquire shared lock on daemon addresses registry.
2024-09-03T10:44:29.511+0200 [DEBUG] [org.gradle.cache.internal.DefaultFileLockManager] Lock acquired on daemon addresses registry.
2024-09-03T10:44:29.511+0200 [DEBUG] [org.gradle.cache.internal.DefaultFileLockManager] Releasing lock on daemon addresses registry.
2024-09-03T10:44:39.509+0200 [DEBUG] [org.gradle.cache.internal.DefaultFileLockManager] Waiting to acquire shared lock on daemon addresses registry.
2024-09-03T10:44:39.510+0200 [DEBUG] [org.gradle.cache.internal.DefaultFileLockManager] Lock acquired on daemon addresses registry.
2024-09-03T10:44:39.511+0200 [DEBUG] [org.gradle.cache.internal.DefaultFileLockManager] Releasing lock on daemon addresses registry.
2024-09-03T10:44:39.511+0200 [DEBUG] [org.gradle.cache.internal.DefaultFileLockManager] Waiting to acquire shared lock on daemon addresses registry.
2024-09-03T10:44:39.512+0200 [DEBUG] [org.gradle.cache.internal.DefaultFileLockManager] Lock acquired on daemon addresses registry.
2024-09-03T10:44:39.512+0200 [DEBUG] [org.gradle.cache.internal.DefaultFileLockManager] Releasing lock on daemon addresses registry.
2024-09-03T10:44:39.512+0200 [DEBUG] [org.gradle.cache.internal.DefaultFileLockManager] Waiting to acquire shared lock on daemon addresses registry.
2024-09-03T10:44:39.513+0200 [DEBUG] [org.gradle.cache.internal.DefaultFileLockManager] Lock acquired on daemon addresses registry.
2024-09-03T10:44:39.513+0200 [DEBUG] [org.gradle.cache.internal.DefaultFileLockManager] Releasing lock on daemon addresses registry.
2024-09-03T10:44:42.006+0200 [DEBUG] [org.gradle.internal.remote.internal.inet.TcpIncomingConnector] Accepted connection from /127.0.0.1:52068 to /127.0.0.1:51672.
2024-09-03T10:44:42.010+0200 [DEBUG] [org.gradle.launcher.daemon.server.SynchronizedDispatchConnection] thread 248: received class org.gradle.launcher.daemon.protocol.StopWhenIdle
2024-09-03T10:44:42.010+0200 [DEBUG] [org.gradle.launcher.daemon.server.DefaultDaemonConnection] thread 248: Received non-IO message from client: StopWhenIdle[id=c0d0a856-50d2-4b23-bf1d-2bda9bb69285]
2024-09-03T10:44:42.011+0200 [INFO] [org.gradle.launcher.daemon.server.DefaultIncomingConnectionHandler] Received command: StopWhenIdle[id=c0d0a856-50d2-4b23-bf1d-2bda9bb69285].
2024-09-03T10:44:42.011+0200 [DEBUG] [org.gradle.launcher.daemon.server.DefaultIncomingConnectionHandler] Starting executing command: StopWhenIdle[id=c0d0a856-50d2-4b23-bf1d-2bda9bb69285] with connection: socket connection from /127.0.0.1:51672 to /127.0.0.1:52068.
2024-09-03T10:44:42.011+0200 [DEBUG] [org.gradle.launcher.daemon.server.DaemonRegistryUpdater] Storing daemon stop event: stop command received
2024-09-03T10:44:42.013+0200 [DEBUG] [org.gradle.launcher.daemon.registry.PersistentDaemonRegistry] Storing daemon stop event with timestamp 1725353082012
2024-09-03T10:44:42.014+0200 [DEBUG] [org.gradle.cache.internal.DefaultFileLockManager] Waiting to acquire exclusive lock on daemon addresses registry.
2024-09-03T10:44:42.015+0200 [DEBUG] [org.gradle.cache.internal.DefaultFileLockManager] Lock acquired on daemon addresses registry.
2024-09-03T10:44:42.016+0200 [DEBUG] [org.gradle.cache.internal.DefaultFileLockManager] Releasing lock on daemon addresses registry.
2024-09-03T10:44:42.016+0200 [LIFECYCLE] [org.gradle.launcher.daemon.server.DaemonStateCoordinator] Daemon will be stopped at the end of the build stop command received
2024-09-03T10:44:42.016+0200 [DEBUG] [org.gradle.launcher.daemon.server.DaemonStateCoordinator] Marking daemon stopped due to stop command received. The daemon is running a build: false
2024-09-03T10:44:42.016+0200 [DEBUG] [org.gradle.launcher.daemon.server.SynchronizedDispatchConnection] thread 20: dispatching Success[value=null]
2024-09-03T10:44:42.016+0200 [DEBUG] [org.gradle.launcher.daemon.server.DaemonStateCoordinator] daemon has stopped.
2024-09-03T10:44:42.017+0200 [DEBUG] [org.gradle.launcher.daemon.server.Daemon] stop() called on daemon
2024-09-03T10:44:42.017+0200 [DEBUG] [org.gradle.launcher.daemon.server.DefaultIncomingConnectionHandler] Finishing executing command: StopWhenIdle[id=c0d0a856-50d2-4b23-bf1d-2bda9bb69285]
2024-09-03T10:44:42.017+0200 [DEBUG] [org.gradle.launcher.daemon.server.SynchronizedDispatchConnection] thread 248: received class org.gradle.launcher.daemon.protocol.Finished
2024-09-03T10:44:42.017+0200 [DEBUG] [org.gradle.launcher.daemon.server.DefaultDaemonConnection] thread 248: Received non-IO message from client: org.gradle.launcher.daemon.protocol.Finished@4405c566
2024-09-03T10:44:42.017+0200 [INFO] [org.gradle.launcher.daemon.server.Daemon] Stop requested. Daemon is removing its presence from the registry...
2024-09-03T10:44:42.017+0200 [DEBUG] [org.gradle.internal.remote.internal.inet.SocketConnection] Discarding EOFException: java.io.EOFException
2024-09-03T10:44:42.017+0200 [DEBUG] [org.gradle.launcher.daemon.server.SynchronizedDispatchConnection] thread 248: received null
2024-09-03T10:44:42.018+0200 [DEBUG] [org.gradle.launcher.daemon.server.DefaultDaemonConnection] thread 248: Received end-of-input from client.
2024-09-03T10:44:42.017+0200 [DEBUG] [org.gradle.launcher.daemon.server.DefaultIncomingConnectionHandler] Received finished message: org.gradle.launcher.daemon.protocol.Finished@4405c566
2024-09-03T10:44:42.017+0200 [DEBUG] [org.gradle.launcher.daemon.server.DaemonRegistryUpdater] Removing our presence to clients, eg. removing this address from the registry: [674fe748-be30-4b03-8045-5e7bf2ff2848 port:51672, addresses:[localhost/127.0.0.1]]
2024-09-03T10:44:42.018+0200 [DEBUG] [org.gradle.launcher.daemon.server.SynchronizedDispatchConnection] thread 20: stopping connection
2024-09-03T10:44:42.018+0200 [DEBUG] [org.gradle.launcher.daemon.registry.PersistentDaemonRegistry] Removing daemon address: [674fe748-be30-4b03-8045-5e7bf2ff2848 port:51672, addresses:[localhost/127.0.0.1]]
2024-09-03T10:44:42.018+0200 [DEBUG] [org.gradle.launcher.daemon.server.SynchronizedDispatchConnection] thread 20: stopping connection
2024-09-03T10:44:42.019+0200 [DEBUG] [org.gradle.cache.internal.DefaultFileLockManager] Waiting to acquire exclusive lock on daemon addresses registry.
2024-09-03T10:44:42.019+0200 [DEBUG] [org.gradle.cache.internal.DefaultFileLockManager] Lock acquired on daemon addresses registry.
2024-09-03T10:44:42.019+0200 [DEBUG] [org.gradle.cache.internal.DefaultFileLockManager] Releasing lock on daemon addresses registry.
2024-09-03T10:44:42.020+0200 [DEBUG] [org.gradle.launcher.daemon.server.DaemonRegistryUpdater] Address removed from registry.
2024-09-03T10:44:42.026+0200 [DEBUG] [org.gradle.cache.internal.LockOnDemandCrossProcessCacheAccess] Releasing file lock for jars (/Users/voloshyn/AndroidStudioProjects/ReDrive/caches/jars-9)
2024-09-03T10:44:42.026+0200 [DEBUG] [org.gradle.cache.internal.DefaultFileLockManager] Releasing lock on jars (/Users/voloshyn/AndroidStudioProjects/ReDrive/caches/jars-9).
2024-09-03T10:44:42.027+0200 [DEBUG] [org.gradle.cache.internal.DefaultPersistentDirectoryStore] jars (/Users/voloshyn/AndroidStudioProjects/ReDrive/caches/jars-9) has last been fully cleaned up 26 hours ago
2024-09-03T10:44:42.038+0200 [INFO] [org.gradle.cache.internal.AbstractCacheCleanup] jars (/Users/voloshyn/AndroidStudioProjects/ReDrive/caches/jars-9) cleanup deleted 0 files/directories.
2024-09-03T10:44:42.038+0200 [INFO] [org.gradle.cache.internal.LeastRecentlyUsedCacheCleanup] jars (/Users/voloshyn/AndroidStudioProjects/ReDrive/caches/jars-9) removing files not accessed on or after Tue Aug 27 10:43:21 CEST 2024.
2024-09-03T10:44:42.052+0200 [INFO] [org.gradle.cache.internal.AbstractCacheCleanup] jars (/Users/voloshyn/AndroidStudioProjects/ReDrive/caches/jars-9) cleanup deleted 0 files/directories.
2024-09-03T10:44:42.054+0200 [INFO] [org.gradle.cache.internal.DefaultPersistentDirectoryStore] jars (/Users/voloshyn/AndroidStudioProjects/ReDrive/caches/jars-9) cleaned up in 0.026 secs.
2024-09-03T10:44:42.054+0200 [DEBUG] [org.gradle.cache.internal.LockOnDemandCrossProcessCacheAccess] Releasing file lock for file content cache (/Users/voloshyn/AndroidStudioProjects/ReDrive/caches/8.7/fileContent)
2024-09-03T10:44:42.055+0200 [DEBUG] [org.gradle.cache.internal.btree.BTreePersistentIndexedCache] Closing cache annotation-processors.bin (/Users/voloshyn/AndroidStudioProjects/ReDrive/caches/8.7/fileContent/annotation-processors.bin)
2024-09-03T10:44:42.055+0200 [DEBUG] [org.gradle.cache.internal.DefaultFileLockManager] Releasing lock on file content cache (/Users/voloshyn/AndroidStudioProjects/ReDrive/caches/8.7/fileContent).
2024-09-03T10:44:42.055+0200 [DEBUG] [org.gradle.internal.watch.vfs.impl.WatchingVirtualFileSystem] Closing VFS, dropping state
2024-09-03T10:44:42.057+0200 [DEBUG] [org.gradle.cache.internal.DefaultCacheCoordinator] Cache Generated Gradle JARs cache (/Users/voloshyn/AndroidStudioProjects/ReDrive/caches/8.7/generated-gradle-jars) was closed 0 times.
2024-09-03T10:44:42.057+0200 [DEBUG] [org.gradle.internal.watch.registry.impl.DefaultFileWatcherRegistry] Finished listening to file system change events
2024-09-03T10:44:42.057+0200 [DEBUG] [org.gradle.cache.internal.DefaultPersistentDirectoryStore] Artifact transforms cache (/Users/voloshyn/AndroidStudioProjects/ReDrive/caches/transforms-4) has last been fully cleaned up 26 hours ago
2024-09-03T10:44:42.058+0200 [INFO] [org.gradle.cache.internal.LeastRecentlyUsedCacheCleanup] Artifact transforms cache (/Users/voloshyn/AndroidStudioProjects/ReDrive/caches/transforms-4) removing files not accessed on or after Tue Aug 27 10:43:21 CEST 2024.
2024-09-03T10:44:43.006+0200 [INFO] [org.gradle.cache.internal.AbstractCacheCleanup] Artifact transforms cache (/Users/voloshyn/AndroidStudioProjects/ReDrive/caches/transforms-4) cleanup deleted 120 files/directories.
2024-09-03T10:44:43.006+0200 [INFO] [org.gradle.cache.internal.DefaultPersistentDirectoryStore] Artifact transforms cache (/Users/voloshyn/AndroidStudioProjects/ReDrive/caches/transforms-4) cleaned up in 0.948 secs.
2024-09-03T10:44:43.007+0200 [DEBUG] [org.gradle.cache.internal.DefaultCacheCoordinator] Cache Artifact transforms cache (/Users/voloshyn/AndroidStudioProjects/ReDrive/caches/transforms-4) was closed 0 times.
2024-09-03T10:44:43.007+0200 [DEBUG] [org.gradle.cache.internal.LockOnDemandCrossProcessCacheAccess] Releasing file lock for artifact cache (/Users/voloshyn/AndroidStudioProjects/ReDrive/caches/modules-2)
2024-09-03T10:44:43.007+0200 [DEBUG] [org.gradle.cache.internal.btree.BTreePersistentIndexedCache] Closing cache module-artifact.bin (/Users/voloshyn/AndroidStudioProjects/ReDrive/caches/modules-2/metadata-2.106/module-artifact.bin)
2024-09-03T10:44:43.007+0200 [DEBUG] [org.gradle.cache.internal.btree.BTreePersistentIndexedCache] Closing cache module-metadata.bin (/Users/voloshyn/AndroidStudioProjects/ReDrive/caches/modules-2/metadata-2.106/module-metadata.bin)
2024-09-03T10:44:43.007+0200 [DEBUG] [org.gradle.cache.internal.DefaultFileLockManager] Releasing lock on artifact cache (/Users/voloshyn/AndroidStudioProjects/ReDrive/caches/modules-2).
2024-09-03T10:44:43.008+0200 [DEBUG] [org.gradle.cache.internal.DefaultPersistentDirectoryStore] artifact cache (/Users/voloshyn/AndroidStudioProjects/ReDrive/caches/modules-2) has last been fully cleaned up 26 hours ago
2024-09-03T10:44:43.009+0200 [INFO] [org.gradle.cache.internal.AbstractCacheCleanup] artifact cache (/Users/voloshyn/AndroidStudioProjects/ReDrive/caches/modules-2) cleanup deleted 0 files/directories.
2024-09-03T10:44:43.010+0200 [INFO] [org.gradle.cache.internal.AbstractCacheCleanup] artifact cache (/Users/voloshyn/AndroidStudioProjects/ReDrive/caches/modules-2) [subdir: /Users/voloshyn/AndroidStudioProjects/ReDrive/caches/modules-2/resources-2.1] cleanup deleted 0 files/directories.
2024-09-03T10:44:43.010+0200 [INFO] [org.gradle.cache.internal.LeastRecentlyUsedCacheCleanup] artifact cache (/Users/voloshyn/AndroidStudioProjects/ReDrive/caches/modules-2) [subdir: /Users/voloshyn/AndroidStudioProjects/ReDrive/caches/modules-2/resources-2.1] removing files not accessed on or after Sun Aug 04 10:43:21 CEST 2024.
2024-09-03T10:44:43.010+0200 [INFO] [org.gradle.cache.internal.AbstractCacheCleanup] artifact cache (/Users/voloshyn/AndroidStudioProjects/ReDrive/caches/modules-2) [subdir: /Users/voloshyn/AndroidStudioProjects/ReDrive/caches/modules-2/resources-2.1] cleanup deleted 0 files/directories.
2024-09-03T10:44:43.011+0200 [INFO] [org.gradle.cache.internal.AbstractCacheCleanup] artifact cache (/Users/voloshyn/AndroidStudioProjects/ReDrive/caches/modules-2) [subdir: /Users/voloshyn/AndroidStudioProjects/ReDrive/caches/modules-2/files-2.1] cleanup deleted 0 files/directories.
2024-09-03T10:44:43.011+0200 [INFO] [org.gradle.cache.internal.LeastRecentlyUsedCacheCleanup] artifact cache (/Users/voloshyn/AndroidStudioProjects/ReDrive/caches/modules-2) [subdir: /Users/voloshyn/AndroidStudioProjects/ReDrive/caches/modules-2/files-2.1] removing files not accessed on or after Sun Aug 04 10:43:21 CEST 2024.
2024-09-03T10:44:43.229+0200 [INFO] [org.gradle.cache.internal.AbstractCacheCleanup] artifact cache (/Users/voloshyn/AndroidStudioProjects/ReDrive/caches/modules-2) [subdir: /Users/voloshyn/AndroidStudioProjects/ReDrive/caches/modules-2/files-2.1] cleanup deleted 0 files/directories.
2024-09-03T10:44:43.230+0200 [INFO] [org.gradle.cache.internal.AbstractCacheCleanup] artifact cache (/Users/voloshyn/AndroidStudioProjects/ReDrive/caches/modules-2) [subdir: /Users/voloshyn/AndroidStudioProjects/ReDrive/caches/modules-2/metadata-2.106] cleanup deleted 0 files/directories.
2024-09-03T10:44:43.230+0200 [INFO] [org.gradle.cache.internal.DefaultPersistentDirectoryStore] artifact cache (/Users/voloshyn/AndroidStudioProjects/ReDrive/caches/modules-2) cleaned up in 0.221 secs.
2024-09-03T10:44:43.230+0200 [DEBUG] [org.gradle.cache.internal.DefaultPersistentDirectoryStore] groovy-dsl (/Users/voloshyn/AndroidStudioProjects/ReDrive/caches/8.7/groovy-dsl) has last been fully cleaned up 26 hours ago
2024-09-03T10:44:43.231+0200 [INFO] [org.gradle.cache.internal.LeastRecentlyUsedCacheCleanup] groovy-dsl (/Users/voloshyn/AndroidStudioProjects/ReDrive/caches/8.7/groovy-dsl) removing files not accessed on or after Tue Aug 27 10:43:21 CEST 2024.
2024-09-03T10:44:43.236+0200 [INFO] [org.gradle.cache.internal.AbstractCacheCleanup] groovy-dsl (/Users/voloshyn/AndroidStudioProjects/ReDrive/caches/8.7/groovy-dsl) cleanup deleted 0 files/directories.
2024-09-03T10:44:43.237+0200 [INFO] [org.gradle.cache.internal.DefaultPersistentDirectoryStore] groovy-dsl (/Users/voloshyn/AndroidStudioProjects/ReDrive/caches/8.7/groovy-dsl) cleaned up in 0.006 secs.
2024-09-03T10:44:43.237+0200 [DEBUG] [org.gradle.cache.internal.DefaultCacheCoordinator] Cache groovy-dsl (/Users/voloshyn/AndroidStudioProjects/ReDrive/caches/8.7/groovy-dsl) was closed 0 times.
2024-09-03T10:44:43.237+0200 [DEBUG] [org.gradle.cache.internal.LockOnDemandCrossProcessCacheAccess] Releasing file lock for journal cache (/Users/voloshyn/AndroidStudioProjects/ReDrive/caches/journal-1)
2024-09-03T10:44:43.238+0200 [DEBUG] [org.gradle.cache.internal.btree.BTreePersistentIndexedCache] Closing cache file-access.bin (/Users/voloshyn/AndroidStudioProjects/ReDrive/caches/journal-1/file-access.bin)
2024-09-03T10:44:43.238+0200 [DEBUG] [org.gradle.cache.internal.DefaultFileLockManager] Releasing lock on journal cache (/Users/voloshyn/AndroidStudioProjects/ReDrive/caches/journal-1).
2024-09-03T10:44:43.238+0200 [DEBUG] [org.gradle.cache.internal.LockOnDemandCrossProcessCacheAccess] Releasing file lock for file hash cache (/Users/voloshyn/AndroidStudioProjects/ReDrive/caches/8.7/fileHashes)
2024-09-03T10:44:43.239+0200 [DEBUG] [org.gradle.cache.internal.btree.BTreePersistentIndexedCache] Closing cache fileHashes.bin (/Users/voloshyn/AndroidStudioProjects/ReDrive/caches/8.7/fileHashes/fileHashes.bin)
2024-09-03T10:44:43.239+0200 [DEBUG] [org.gradle.cache.internal.btree.BTreePersistentIndexedCache] Closing cache resourceHashesCache.bin (/Users/voloshyn/AndroidStudioProjects/ReDrive/caches/8.7/fileHashes/resourceHashesCache.bin)
2024-09-03T10:44:43.239+0200 [DEBUG] [org.gradle.cache.internal.DefaultFileLockManager] Releasing lock on file hash cache (/Users/voloshyn/AndroidStudioProjects/ReDrive/caches/8.7/fileHashes).
2024-09-03T10:44:43.240+0200 [DEBUG] [org.gradle.cache.internal.LockOnDemandCrossProcessCacheAccess] Releasing file lock for Java compile cache (/Users/voloshyn/AndroidStudioProjects/ReDrive/caches/8.7/javaCompile)
2024-09-03T10:44:43.240+0200 [DEBUG] [org.gradle.cache.internal.btree.BTreePersistentIndexedCache] Closing cache jarAnalysis.bin (/Users/voloshyn/AndroidStudioProjects/ReDrive/caches/8.7/javaCompile/jarAnalysis.bin)
2024-09-03T10:44:43.240+0200 [DEBUG] [org.gradle.cache.internal.btree.BTreePersistentIndexedCache] Closing cache classAnalysis.bin (/Users/voloshyn/AndroidStudioProjects/ReDrive/caches/8.7/javaCompile/classAnalysis.bin)
2024-09-03T10:44:43.240+0200 [DEBUG] [org.gradle.cache.internal.DefaultFileLockManager] Releasing lock on Java compile cache (/Users/voloshyn/AndroidStudioProjects/ReDrive/caches/8.7/javaCompile).
2024-09-03T10:44:43.246+0200 [DEBUG] [org.gradle.cache.internal.VersionSpecificCacheCleanupAction] Processed version-specific caches at /Users/voloshyn/AndroidStudioProjects/ReDrive/caches for cleanup in 0.004 secs
Daemon vm is shutting down... The daemon has exited normally or was terminated in response to a user interrupt.
2024-09-03T10:44:43.250+0200 [DEBUG] [org.gradle.launcher.daemon.registry.PersistentDaemonRegistry] Removing daemon address: [674fe748-be30-4b03-8045-5e7bf2ff2848 port:51672, addresses:[localhost/127.0.0.1]]
2024-09-03T10:44:43.251+0200 [DEBUG] [org.gradle.cache.internal.DefaultFileLockManager] Waiting to acquire exclusive lock on daemon addresses registry.
2024-09-03T10:44:43.251+0200 [DEBUG] [org.gradle.cache.internal.DefaultFileLockManager] Lock acquired on daemon addresses registry.
2024-09-03T10:44:43.252+0200 [DEBUG] [org.gradle.cache.internal.DefaultFileLockManager] Releasing lock on daemon addresses registry.
